This file contains any messages produced by compilers while
running configure, to aid debugging if configure makes a mistake.

It was created by contour-next configure 0.0, which was
generated by GNU Autoconf 2.69.  Invocation command line was

  $ ./configure 

## --------- ##
## Platform. ##
## --------- ##

hostname = der-b
uname -m = x86_64
uname -r = 4.0.5-gentoo
uname -s = Linux
uname -v = #3 SMP Sun Oct 25 20:03:08 UTC 2015

/usr/bin/uname -p = Intel(R) Core(TM) i7-3689Y CPU @ 1.50GHz
/bin/uname -X     = unknown

/bin/arch              = unknown
/usr/bin/arch -k       = unknown
/usr/convex/getsysinfo = unknown
/usr/bin/hostinfo      = unknown
/bin/machine           = unknown
/usr/bin/oslevel       = unknown
/bin/universe          = unknown

PATH: /usr/local/bin
PATH: /usr/bin
PATH: /bin
PATH: /opt/bin
PATH: /usr/x86_64-pc-linux-gnu/gcc-bin/4.8.5


## ----------- ##
## Core tests. ##
## ----------- ##

configure:1842: checking for a BSD-compatible install
configure:1910: result: /usr/bin/install -c
configure:1921: checking whether build environment is sane
configure:1976: result: yes
configure:2127: checking for a thread-safe mkdir -p
configure:2166: result: /bin/mkdir -p
configure:2173: checking for gawk
configure:2189: found /usr/bin/gawk
configure:2200: result: gawk
configure:2211: checking whether make sets $(MAKE)
configure:2233: result: yes
configure:2262: checking whether make supports nested variables
configure:2279: result: yes
configure:2453: checking for gcc
configure:2469: found /usr/bin/gcc
configure:2480: result: gcc
configure:2709: checking for C compiler version
configure:2718: gcc --version >&5
gcc (Gentoo 4.8.5 p1.3, pie-0.6.2) 4.8.5
Copyright (C) 2015 Free Software Foundation, Inc.
This is free software; see the source for copying conditions.  There is NO
warranty; not even for MERCHANTABILITY or FITNESS FOR A PARTICULAR PURPOSE.

configure:2729: $? = 0
configure:2718: gcc -v >&5
Using built-in specs.
COLLECT_GCC=/usr/x86_64-pc-linux-gnu/gcc-bin/4.8.5/gcc
COLLECT_LTO_WRAPPER=/usr/libexec/gcc/x86_64-pc-linux-gnu/4.8.5/lto-wrapper
Target: x86_64-pc-linux-gnu
Configured with: /var/tmp/portage/sys-devel/gcc-4.8.5/work/gcc-4.8.5/configure --host=x86_64-pc-linux-gnu --build=x86_64-pc-linux-gnu --prefix=/usr --bindir=/usr/x86_64-pc-linux-gnu/gcc-bin/4.8.5 --includedir=/usr/lib/gcc/x86_64-pc-linux-gnu/4.8.5/include --datadir=/usr/share/gcc-data/x86_64-pc-linux-gnu/4.8.5 --mandir=/usr/share/gcc-data/x86_64-pc-linux-gnu/4.8.5/man --infodir=/usr/share/gcc-data/x86_64-pc-linux-gnu/4.8.5/info --with-gxx-include-dir=/usr/lib/gcc/x86_64-pc-linux-gnu/4.8.5/include/g++-v4 --with-python-dir=/share/gcc-data/x86_64-pc-linux-gnu/4.8.5/python --enable-languages=c,c++,fortran --enable-obsolete --enable-secureplt --disable-werror --with-system-zlib --enable-nls --without-included-gettext --enable-checking=release --with-bugurl=https://bugs.gentoo.org/ --with-pkgversion='Gentoo 4.8.5 p1.3, pie-0.6.2' --enable-libstdcxx-time --enable-shared --enable-threads=posix --enable-__cxa_atexit --enable-clocale=gnu --enable-multilib --with-multilib-list=m32,m64 --disable-altivec --disable-fixed-point --enable-targets=all --disable-libgcj --enable-libgomp --disable-libmudflap --disable-libssp --enable-lto --without-cloog --enable-libsanitizer
Thread model: posix
gcc version 4.8.5 (Gentoo 4.8.5 p1.3, pie-0.6.2) 
configure:2729: $? = 0
configure:2718: gcc -V >&5
gcc: error: unrecognized command line option '-V'
gcc: fatal error: no input files
compilation terminated.
configure:2729: $? = 1
configure:2718: gcc -qversion >&5
gcc: error: unrecognized command line option '-qversion'
gcc: fatal error: no input files
compilation terminated.
configure:2729: $? = 1
configure:2749: checking whether the C compiler works
configure:2771: gcc    conftest.c  >&5
configure:2775: $? = 0
configure:2823: result: yes
configure:2826: checking for C compiler default output file name
configure:2828: result: a.out
configure:2834: checking for suffix of executables
configure:2841: gcc -o conftest    conftest.c  >&5
configure:2845: $? = 0
configure:2867: result: 
configure:2889: checking whether we are cross compiling
configure:2897: gcc -o conftest    conftest.c  >&5
configure:2901: $? = 0
configure:2908: ./conftest
configure:2912: $? = 0
configure:2927: result: no
configure:2932: checking for suffix of object files
configure:2954: gcc -c   conftest.c >&5
configure:2958: $? = 0
configure:2979: result: o
configure:2983: checking whether we are using the GNU C compiler
configure:3002: gcc -c   conftest.c >&5
configure:3002: $? = 0
configure:3011: result: yes
configure:3020: checking whether gcc accepts -g
configure:3040: gcc -c -g  conftest.c >&5
configure:3040: $? = 0
configure:3081: result: yes
configure:3098: checking for gcc option to accept ISO C89
configure:3161: gcc  -c -g -O2  conftest.c >&5
configure:3161: $? = 0
configure:3174: result: none needed
configure:3199: checking whether gcc understands -c and -o together
configure:3221: gcc -c conftest.c -o conftest2.o
configure:3224: $? = 0
configure:3221: gcc -c conftest.c -o conftest2.o
configure:3224: $? = 0
configure:3236: result: yes
configure:3264: checking for style of include used by make
configure:3292: result: GNU
configure:3318: checking dependency style of gcc
configure:3429: result: gcc3
configure:3457: checking for valgrind
configure:3473: found /usr/bin/valgrind
configure:3485: result: yes
configure:3517: checking for cppcheck
configure:3533: found /usr/bin/cppcheck
configure:3545: result: yes
configure:3679: checking that generated files are newer than configure
configure:3685: result: done
configure:3712: creating ./config.status

## ---------------------- ##
## Running config.status. ##
## ---------------------- ##

This file was extended by contour-next config.status 0.0, which was
generated by GNU Autoconf 2.69.  Invocation command line was

  CONFIG_FILES    = 
  CONFIG_HEADERS  = 
  CONFIG_LINKS    = 
  CONFIG_COMMANDS = 
  $ ./config.status 

on der-b

config.status:867: creating Makefile
config.status:867: creating src/Makefile
config.status:867: creating src/astm/Makefile
config.status:867: creating src/contour-next-usb/Makefile
config.status:867: creating src/simple_protocol/Makefile
config.status:867: creating src/utils/Makefile
config.status:867: creating src/utils/list/Makefile
config.status:867: creating src/utils/log/Makefile
config.status:867: creating src/utils/urlpharser/Makefile
config.status:867: creating src/utils/base64/Makefile
config.status:867: creating include/Makefile
config.status:867: creating include/astm/Makefile
config.status:867: creating include/contour-next-usb/Makefile
config.status:867: creating include/simple_protocol/Makefile
config.status:867: creating include/utils/Makefile
config.status:867: creating include/utils/list/Makefile
config.status:867: creating include/utils/log/Makefile
config.status:867: creating test/Makefile
config.status:867: creating test/utils/Makefile
config.status:867: creating test/utils/list/Makefile
config.status:867: creating test/utils/urlpharser/Makefile
config.status:867: creating test/utils/base64/Makefile
config.status:867: creating test/staticAnalyzing/Makefile
config.status:867: creating include/config.h
config.status:1096: executing depfiles commands

## ---------------- ##
## Cache variables. ##
## ---------------- ##

ac_cv_c_compiler_gnu=yes
ac_cv_env_CC_set=
ac_cv_env_CC_value=
ac_cv_env_CFLAGS_set=
ac_cv_env_CFLAGS_value=
ac_cv_env_CPPFLAGS_set=
ac_cv_env_CPPFLAGS_value=
ac_cv_env_LDFLAGS_set=
ac_cv_env_LDFLAGS_value=
ac_cv_env_LIBS_set=
ac_cv_env_LIBS_value=
ac_cv_env_build_alias_set=
ac_cv_env_build_alias_value=
ac_cv_env_host_alias_set=
ac_cv_env_host_alias_value=
ac_cv_env_target_alias_set=
ac_cv_env_target_alias_value=
ac_cv_objext=o
ac_cv_path_install='/usr/bin/install -c'
ac_cv_path_mkdir=/bin/mkdir
ac_cv_prog_AWK=gawk
ac_cv_prog_HAVE_PROG_CPPCHECK=yes
ac_cv_prog_HAVE_PROG_VALGRIND=yes
ac_cv_prog_ac_ct_CC=gcc
ac_cv_prog_cc_c89=
ac_cv_prog_cc_g=yes
ac_cv_prog_make_make_set=yes
am_cv_CC_dependencies_compiler_type=gcc3
am_cv_make_support_nested_variables=yes
am_cv_prog_cc_c_o=yes

## ----------------- ##
## Output variables. ##
## ----------------- ##

ACLOCAL='${SHELL} /home/bernd/working/c/contour-next/contour-next/missing aclocal-1.15'
AMDEPBACKSLASH='\'
AMDEP_FALSE='#'
AMDEP_TRUE=''
AMTAR='$${TAR-tar}'
AM_BACKSLASH='\'
AM_DEFAULT_V='$(AM_DEFAULT_VERBOSITY)'
AM_DEFAULT_VERBOSITY='1'
AM_LOG_FLAGS='--leak-check=yes --error-exitcode=1 --quiet'
AM_V='$(V)'
AUTOCONF='${SHELL} /home/bernd/working/c/contour-next/contour-next/missing autoconf'
AUTOHEADER='${SHELL} /home/bernd/working/c/contour-next/contour-next/missing autoheader'
AUTOMAKE='${SHELL} /home/bernd/working/c/contour-next/contour-next/missing automake-1.15'
AWK='gawk'
CC='gcc'
CCDEPMODE='depmode=gcc3'
CFLAGS='-g -O2'
COND_CPPCHECK_FALSE='#'
COND_CPPCHECK_TRUE=''
CPPFLAGS=''
CYGPATH_W='echo'
DEFS='-DHAVE_CONFIG_H'
DEPDIR='.deps'
ECHO_C=''
ECHO_N='-n'
ECHO_T=''
EXEEXT=''
HAVE_PROG_CPPCHECK='yes'
HAVE_PROG_VALGRIND='yes'
INSTALL_DATA='${INSTALL} -m 644'
INSTALL_PROGRAM='${INSTALL}'
INSTALL_SCRIPT='${INSTALL}'
INSTALL_STRIP_PROGRAM='$(install_sh) -c -s'
LDFLAGS=''
LIBOBJS=''
LIBS=''
LOG_COMPILER='valgrind'
LTLIBOBJS=''
MAKEINFO='${SHELL} /home/bernd/working/c/contour-next/contour-next/missing makeinfo'
MKDIR_P='/bin/mkdir -p'
OBJEXT='o'
PACKAGE='contour-next'
PACKAGE_BUGREPORT='der-b@der-b.com'
PACKAGE_NAME='contour-next'
PACKAGE_STRING='contour-next 0.0'
PACKAGE_TARNAME='contour-next'
PACKAGE_URL=''
PACKAGE_VERSION='0.0'
PATH_SEPARATOR=':'
SET_MAKE=''
SHELL='/bin/sh'
STRIP=''
VERSION='0.0'
ac_ct_CC='gcc'
am__EXEEXT_FALSE=''
am__EXEEXT_TRUE='#'
am__fastdepCC_FALSE='#'
am__fastdepCC_TRUE=''
am__include='include'
am__isrc=''
am__leading_dot='.'
am__nodep='_no'
am__quote=''
am__tar='$${TAR-tar} chof - "$$tardir"'
am__untar='$${TAR-tar} xf -'
bindir='${exec_prefix}/bin'
build_alias=''
datadir='${datarootdir}'
datarootdir='${prefix}/share'
docdir='${datarootdir}/doc/${PACKAGE_TARNAME}'
dvidir='${docdir}'
exec_prefix='${prefix}'
host_alias=''
htmldir='${docdir}'
includedir='${prefix}/include'
infodir='${datarootdir}/info'
install_sh='${SHELL} /home/bernd/working/c/contour-next/contour-next/install-sh'
libdir='${exec_prefix}/lib'
libexecdir='${exec_prefix}/libexec'
localedir='${datarootdir}/locale'
localstatedir='${prefix}/var'
mandir='${datarootdir}/man'
mkdir_p='$(MKDIR_P)'
oldincludedir='/usr/include'
pdfdir='${docdir}'
prefix='/usr/local'
program_transform_name='s,x,x,'
psdir='${docdir}'
sbindir='${exec_prefix}/sbin'
sharedstatedir='${prefix}/com'
sysconfdir='${prefix}/etc'
target_alias=''

## ----------- ##
## confdefs.h. ##
## ----------- ##

/* confdefs.h */
#define PACKAGE_NAME "contour-next"
#define PACKAGE_TARNAME "contour-next"
#define PACKAGE_VERSION "0.0"
#define PACKAGE_STRING "contour-next 0.0"
#define PACKAGE_BUGREPORT "der-b@der-b.com"
#define PACKAGE_URL ""
#define PACKAGE "contour-next"
#define VERSION "0.0"

configure: exit 0

## ---------------------- ##
## Running config.status. ##
## ---------------------- ##

This file was extended by contour-next config.status 0.0, which was
generated by GNU Autoconf 2.69.  Invocation command line was

  CONFIG_FILES    = 
  CONFIG_HEADERS  = 
  CONFIG_LINKS    = 
  CONFIG_COMMANDS = 
  $ ./config.status include/config.h

on der-b

config.status:867: creating include/config.h
config.status:1048: include/config.h is unchanged
